[debug] [2021-03-15T11:49:27.888Z] ----------------------------------------------------------------------
[debug] [2021-03-15T11:49:27.889Z] Command:       /home/aaron/.nvm/versions/node/v14.15.4/bin/node /home/aaron/code/coffeeshop/node_modules/.bin/firebase deploy
[debug] [2021-03-15T11:49:27.890Z] CLI Version:   9.3.0
[debug] [2021-03-15T11:49:27.890Z] Platform:      linux
[debug] [2021-03-15T11:49:27.890Z] Node Version:  v14.15.4
[debug] [2021-03-15T11:49:27.890Z] Time:          Mon Mar 15 2021 13:49:27 GMT+0200 (Israel Standard Time)
[debug] [2021-03-15T11:49:27.890Z] ----------------------------------------------------------------------
[debug] [2021-03-15T11:49:27.890Z] 
[debug] [2021-03-15T11:49:27.895Z] > command requires scopes: ["email","openid","https://www.googleapis.com/auth/cloudplatformprojects.readonly","https://www.googleapis.com/auth/firebase","https://www.googleapis.com/auth/cloud-platform"]
[debug] [2021-03-15T11:49:27.895Z] > authorizing via signed-in user
[debug] [2021-03-15T11:49:27.895Z] [iam] checking project cayacoffee-809d7 for permissions ["firebase.projects.get","firebasehosting.sites.update"]
[debug] [2021-03-15T11:49:27.897Z] > refreshing access token with scopes: ["email","https://www.googleapis.com/auth/cloud-platform","https://www.googleapis.com/auth/cloudplatformprojects.readonly","https://www.googleapis.com/auth/firebase","openid"]
[debug] [2021-03-15T11:49:27.898Z] >>> HTTP REQUEST POST https://www.googleapis.com/oauth2/v3/token  
 <request body omitted>
[debug] [2021-03-15T11:49:28.187Z] <<< HTTP RESPONSE 200 {"expires":"Mon, 01 Jan 1990 00:00:00 GMT","cache-control":"no-cache, no-store, max-age=0, must-revalidate","pragma":"no-cache","date":"Mon, 15 Mar 2021 11:49:28 GMT","content-type":"application/json; charset=utf-8","vary":"X-Origin, Referer, Origin,Accept-Encoding","server":"scaffolding on HTTPServer2","x-xss-protection":"0","x-frame-options":"SAMEORIGIN","x-content-type-options":"nosniff","alt-svc":"h3-29=\":443\"; ma=2592000,h3-T051=\":443\"; ma=2592000,h3-Q050=\":443\"; ma=2592000,h3-Q046=\":443\"; ma=2592000,h3-Q043=\":443\"; ma=2592000,quic=\":443\"; ma=2592000; v=\"46,43\"","accept-ranges":"none","transfer-encoding":"chunked"}
[debug] [2021-03-15T11:49:28.205Z] >>> HTTP REQUEST POST https://cloudresourcemanager.googleapis.com/v1/projects/cayacoffee-809d7:testIamPermissions  
 {"permissions":["firebase.projects.get","firebasehosting.sites.update"]}
[debug] [2021-03-15T11:49:34.140Z] <<< HTTP RESPONSE 200 {"content-type":"application/json; charset=UTF-8","vary":"X-Origin, Referer, Origin,Accept-Encoding","date":"Mon, 15 Mar 2021 11:49:34 GMT","server":"ESF","cache-control":"private","x-xss-protection":"0","x-frame-options":"SAMEORIGIN","x-content-type-options":"nosniff","server-timing":"gfet4t7; dur=675","alt-svc":"h3-29=\":443\"; ma=2592000,h3-T051=\":443\"; ma=2592000,h3-Q050=\":443\"; ma=2592000,h3-Q046=\":443\"; ma=2592000,h3-Q043=\":443\"; ma=2592000,quic=\":443\"; ma=2592000; v=\"46,43\"","accept-ranges":"none","transfer-encoding":"chunked"}
[debug] [2021-03-15T11:49:34.141Z] [iam] error while checking permissions, command may fail: FirebaseError: Authorization failed. This account is missing the following required permissions on project cayacoffee-809d7:

  firebase.projects.get
  firebasehosting.sites.update
[debug] [2021-03-15T11:49:34.145Z] > refreshing access token with scopes: []
[debug] [2021-03-15T11:49:34.145Z] >>> HTTP REQUEST POST https://www.googleapis.com/oauth2/v3/token  
 <request body omitted>
[debug] [2021-03-15T11:49:34.431Z] <<< HTTP RESPONSE 200 {"cache-control":"no-cache, no-store, max-age=0, must-revalidate","expires":"Mon, 01 Jan 1990 00:00:00 GMT","pragma":"no-cache","date":"Mon, 15 Mar 2021 11:49:34 GMT","content-type":"application/json; charset=utf-8","vary":"X-Origin, Referer, Origin,Accept-Encoding","server":"scaffolding on HTTPServer2","x-xss-protection":"0","x-frame-options":"SAMEORIGIN","x-content-type-options":"nosniff","alt-svc":"h3-29=\":443\"; ma=2592000,h3-T051=\":443\"; ma=2592000,h3-Q050=\":443\"; ma=2592000,h3-Q046=\":443\"; ma=2592000,h3-Q043=\":443\"; ma=2592000,quic=\":443\"; ma=2592000; v=\"46,43\"","accept-ranges":"none","transfer-encoding":"chunked"}
[debug] [2021-03-15T11:49:34.449Z] >>> [apiv2][query] GET https://firebase.googleapis.com/v1beta1/projects/cayacoffee-809d7 [none]
[debug] [2021-03-15T11:49:34.924Z] <<< [apiv2][status] GET https://firebase.googleapis.com/v1beta1/projects/cayacoffee-809d7 403
[debug] [2021-03-15T11:49:34.925Z] <<< [apiv2][body] GET https://firebase.googleapis.com/v1beta1/projects/cayacoffee-809d7 {"error":{"code":403,"message":"The caller does not have permission","status":"PERMISSION_DENIED"}}
[debug] [2021-03-15T11:49:34.926Z] HTTP Error: 403, The caller does not have permission
[debug] [2021-03-15T11:49:35.193Z] FirebaseError: HTTP Error: 403, The caller does not have permission
    at module.exports (/home/aaron/code/coffeeshop/node_modules/firebase-tools/lib/responseToError.js:38:12)
    at Client.doRequest (/home/aaron/code/coffeeshop/node_modules/firebase-tools/lib/apiv2.js:227:23)
    at processTicksAndRejections (internal/process/task_queues.js:93:5)
    at async Client.request (/home/aaron/code/coffeeshop/node_modules/firebase-tools/lib/apiv2.js:93:20)
    at async Object.getFirebaseProject (/home/aaron/code/coffeeshop/node_modules/firebase-tools/lib/management/projects.js:289:21)
    at async Object.getDefaultHostingSite (/home/aaron/code/coffeeshop/node_modules/firebase-tools/lib/getDefaultHostingSite.js:8:21)
    at async requireHostingSite (/home/aaron/code/coffeeshop/node_modules/firebase-tools/lib/requireHostingSite.js:9:18)
    at async Object.fn (/home/aaron/code/coffeeshop/node_modules/firebase-tools/lib/commands/deploy.js:66:9)
    at async /home/aaron/code/coffeeshop/node_modules/firebase-tools/lib/command.js:161:17
[error] 
[error] Error: Failed to get Firebase project cayacoffee-809d7. Please make sure the project exists and your account has permission to access it.
[debug] [2021-03-15T11:49:59.805Z] ----------------------------------------------------------------------
[debug] [2021-03-15T11:49:59.806Z] Command:       /home/aaron/.nvm/versions/node/v14.15.4/bin/node /home/aaron/code/coffeeshop/node_modules/.bin/firebase deploy
[debug] [2021-03-15T11:49:59.807Z] CLI Version:   9.3.0
[debug] [2021-03-15T11:49:59.807Z] Platform:      linux
[debug] [2021-03-15T11:49:59.807Z] Node Version:  v14.15.4
[debug] [2021-03-15T11:49:59.807Z] Time:          Mon Mar 15 2021 13:49:59 GMT+0200 (Israel Standard Time)
[debug] [2021-03-15T11:49:59.807Z] ----------------------------------------------------------------------
[debug] [2021-03-15T11:49:59.807Z] 
[debug] [2021-03-15T11:49:59.812Z] > command requires scopes: ["email","openid","https://www.googleapis.com/auth/cloudplatformprojects.readonly","https://www.googleapis.com/auth/firebase","https://www.googleapis.com/auth/cloud-platform"]
[debug] [2021-03-15T11:49:59.812Z] > authorizing via signed-in user
[debug] [2021-03-15T11:49:59.812Z] [iam] checking project cayacoffee-809d7 for permissions ["firebase.projects.get","firebasehosting.sites.update"]
[debug] [2021-03-15T11:49:59.814Z] > refreshing access token with scopes: ["email","https://www.googleapis.com/auth/cloud-platform","https://www.googleapis.com/auth/cloudplatformprojects.readonly","https://www.googleapis.com/auth/firebase","openid"]
[debug] [2021-03-15T11:49:59.814Z] >>> HTTP REQUEST POST https://www.googleapis.com/oauth2/v3/token  
 <request body omitted>
[debug] [2021-03-15T11:50:00.143Z] <<< HTTP RESPONSE 200 {"date":"Mon, 15 Mar 2021 11:50:00 GMT","expires":"Mon, 01 Jan 1990 00:00:00 GMT","pragma":"no-cache","cache-control":"no-cache, no-store, max-age=0, must-revalidate","content-type":"application/json; charset=utf-8","vary":"X-Origin, Referer, Origin,Accept-Encoding","server":"scaffolding on HTTPServer2","x-xss-protection":"0","x-frame-options":"SAMEORIGIN","x-content-type-options":"nosniff","alt-svc":"h3-29=\":443\"; ma=2592000,h3-T051=\":443\"; ma=2592000,h3-Q050=\":443\"; ma=2592000,h3-Q046=\":443\"; ma=2592000,h3-Q043=\":443\"; ma=2592000,quic=\":443\"; ma=2592000; v=\"46,43\"","accept-ranges":"none","transfer-encoding":"chunked"}
[debug] [2021-03-15T11:50:00.151Z] >>> HTTP REQUEST POST https://cloudresourcemanager.googleapis.com/v1/projects/cayacoffee-809d7:testIamPermissions  
 {"permissions":["firebase.projects.get","firebasehosting.sites.update"]}
[debug] [2021-03-15T11:50:01.038Z] <<< HTTP RESPONSE 200 {"content-type":"application/json; charset=UTF-8","vary":"X-Origin, Referer, Origin,Accept-Encoding","date":"Mon, 15 Mar 2021 11:50:00 GMT","server":"ESF","cache-control":"private","x-xss-protection":"0","x-frame-options":"SAMEORIGIN","x-content-type-options":"nosniff","server-timing":"gfet4t7; dur=654","alt-svc":"h3-29=\":443\"; ma=2592000,h3-T051=\":443\"; ma=2592000,h3-Q050=\":443\"; ma=2592000,h3-Q046=\":443\"; ma=2592000,h3-Q043=\":443\"; ma=2592000,quic=\":443\"; ma=2592000; v=\"46,43\"","accept-ranges":"none","transfer-encoding":"chunked"}
[debug] [2021-03-15T11:50:01.039Z] [iam] error while checking permissions, command may fail: FirebaseError: Authorization failed. This account is missing the following required permissions on project cayacoffee-809d7:

  firebase.projects.get
  firebasehosting.sites.update
[debug] [2021-03-15T11:50:01.043Z] > refreshing access token with scopes: []
[debug] [2021-03-15T11:50:01.043Z] >>> HTTP REQUEST POST https://www.googleapis.com/oauth2/v3/token  
 <request body omitted>
[debug] [2021-03-15T11:50:01.327Z] <<< HTTP RESPONSE 200 {"expires":"Mon, 01 Jan 1990 00:00:00 GMT","cache-control":"no-cache, no-store, max-age=0, must-revalidate","pragma":"no-cache","date":"Mon, 15 Mar 2021 11:50:01 GMT","content-type":"application/json; charset=utf-8","vary":"X-Origin, Referer, Origin,Accept-Encoding","server":"scaffolding on HTTPServer2","x-xss-protection":"0","x-frame-options":"SAMEORIGIN","x-content-type-options":"nosniff","alt-svc":"h3-29=\":443\"; ma=2592000,h3-T051=\":443\"; ma=2592000,h3-Q050=\":443\"; ma=2592000,h3-Q046=\":443\"; ma=2592000,h3-Q043=\":443\"; ma=2592000,quic=\":443\"; ma=2592000; v=\"46,43\"","accept-ranges":"none","transfer-encoding":"chunked"}
[debug] [2021-03-15T11:50:01.345Z] >>> [apiv2][query] GET https://firebase.googleapis.com/v1beta1/projects/cayacoffee-809d7 [none]
[debug] [2021-03-15T11:50:01.824Z] <<< [apiv2][status] GET https://firebase.googleapis.com/v1beta1/projects/cayacoffee-809d7 403
[debug] [2021-03-15T11:50:01.825Z] <<< [apiv2][body] GET https://firebase.googleapis.com/v1beta1/projects/cayacoffee-809d7 {"error":{"code":403,"message":"The caller does not have permission","status":"PERMISSION_DENIED"}}
[debug] [2021-03-15T11:50:01.826Z] HTTP Error: 403, The caller does not have permission
[debug] [2021-03-15T11:50:02.172Z] FirebaseError: HTTP Error: 403, The caller does not have permission
    at module.exports (/home/aaron/code/coffeeshop/node_modules/firebase-tools/lib/responseToError.js:38:12)
    at Client.doRequest (/home/aaron/code/coffeeshop/node_modules/firebase-tools/lib/apiv2.js:227:23)
    at processTicksAndRejections (internal/process/task_queues.js:93:5)
    at async Client.request (/home/aaron/code/coffeeshop/node_modules/firebase-tools/lib/apiv2.js:93:20)
    at async Object.getFirebaseProject (/home/aaron/code/coffeeshop/node_modules/firebase-tools/lib/management/projects.js:289:21)
    at async Object.getDefaultHostingSite (/home/aaron/code/coffeeshop/node_modules/firebase-tools/lib/getDefaultHostingSite.js:8:21)
    at async requireHostingSite (/home/aaron/code/coffeeshop/node_modules/firebase-tools/lib/requireHostingSite.js:9:18)
    at async Object.fn (/home/aaron/code/coffeeshop/node_modules/firebase-tools/lib/commands/deploy.js:66:9)
    at async /home/aaron/code/coffeeshop/node_modules/firebase-tools/lib/command.js:161:17
[error] 
[error] Error: Failed to get Firebase project cayacoffee-809d7. Please make sure the project exists and your account has permission to access it.
